# JRE version: Java(TM) SE Runtime Environment (8.0_161-b12) (build 1.8.0_161-b12)
# Java VM: Java HotSpot(TM) 64-Bit Server VM (25.161-b12 mixed mode linux-amd64 compressed oops)
Heap:
 PSYoungGen      total 410112K, used 224K [0x00000000d6e00000, 0x00000000f0300000, 0x0000000100000000)
  eden space 405504K, 0% used [0x00000000d6e00000,0x00000000d6e00000,0x00000000efa00000)
  from space 4608K, 4% used [0x00000000efa00000,0x00000000efa38000,0x00000000efe80000)
  to   space 4608K, 0% used [0x00000000efe80000,0x00000000efe80000,0x00000000f0300000)
 ParOldGen       total 84992K, used 3633K [0x0000000084a00000, 0x0000000089d00000, 0x00000000d6e00000)
  object space 84992K, 4% used [0x0000000084a00000,0x0000000084d8c498,0x0000000089d00000)
 Metaspace       used 8739K, capacity 9004K, committed 9088K, reserved 1056768K
  class space    used 994K, capacity 1087K, committed 1152K, reserved 1048576K
GC Heap History (10 events):
Event: 4.136 GC heap after
Heap after GC invocations=6 (full 0):
 PSYoungGen      total 130560K, used 3219K [0x00000000d6e00000, 0x00000000df100000, 0x0000000100000000)
  eden space 126976K, 0% used [0x00000000d6e00000,0x00000000d6e00000,0x00000000dea00000)
  from space 3584K, 89% used [0x00000000ded80000,0x00000000df0a4f90,0x00000000df100000)
  to   space 3584K, 0% used [0x00000000dea00000,0x00000000dea00000,0x00000000ded80000)
 ParOldGen       total 84992K, used 48K [0x0000000084a00000, 0x0000000089d00000, 0x00000000d6e00000)
  object space 84992K, 0% used [0x0000000084a00000,0x0000000084a0c000,0x0000000089d00000)
 Metaspace       used 8638K, capacity 8876K, committed 9088K, reserved 1056768K
  class space    used 994K, capacity 1087K, committed 1152K, reserved 1048576K
}
Event: 6.503 GC heap before
{Heap before GC invocations=7 (full 0):
 PSYoungGen      total 130560K, used 130195K [0x00000000d6e00000, 0x00000000df100000, 0x0000000100000000)
  eden space 126976K, 100% used [0x00000000d6e00000,0x00000000dea00000,0x00000000dea00000)
  from space 3584K, 89% used [0x00000000ded80000,0x00000000df0a4f90,0x00000000df100000)
  to   space 3584K, 0% used [0x00000000dea00000,0x00000000dea00000,0x00000000ded80000)
 ParOldGen       total 84992K, used 48K [0x0000000084a00000, 0x0000000089d00000, 0x00000000d6e00000)
  object space 84992K, 0% used [0x0000000084a00000,0x0000000084a0c000,0x0000000089d00000)
 Metaspace       used 8688K, capacity 8940K, committed 9088K, reserved 1056768K
  class space    used 994K, capacity 1087K, committed 1152K, reserved 1048576K
Event: 6.558 GC heap after
Heap after GC invocations=7 (full 0):
 PSYoungGen      total 130560K, used 448K [0x00000000d6e00000, 0x00000000e6e00000, 0x0000000100000000)
  eden space 126976K, 0% used [0x00000000d6e00000,0x00000000d6e00000,0x00000000dea00000)
  from space 3584K, 12% used [0x00000000dea00000,0x00000000dea70000,0x00000000ded80000)
  to   space 4096K, 0% used [0x00000000e6a00000,0x00000000e6a00000,0x00000000e6e00000)
 ParOldGen       total 84992K, used 2939K [0x0000000084a00000, 0x0000000089d00000, 0x00000000d6e00000)
  object space 84992K, 3% used [0x0000000084a00000,0x0000000084cdefe0,0x0000000089d00000)
 Metaspace       used 8688K, capacity 8940K, committed 9088K, reserved 1056768K
  class space    used 994K, capacity 1087K, committed 1152K, reserved 1048576K
}
Event: 8.582 GC heap before
{Heap before GC invocations=8 (full 0):
 PSYoungGen      total 130560K, used 127424K [0x00000000d6e00000, 0x00000000e6e00000, 0x0000000100000000)
  eden space 126976K, 100% used [0x00000000d6e00000,0x00000000dea00000,0x00000000dea00000)
  from space 3584K, 12% used [0x00000000dea00000,0x00000000dea70000,0x00000000ded80000)
  to   space 4096K, 0% used [0x00000000e6a00000,0x00000000e6a00000,0x00000000e6e00000)
 ParOldGen       total 84992K, used 2939K [0x0000000084a00000, 0x0000000089d00000, 0x00000000d6e00000)
  object space 84992K, 3% used [0x0000000084a00000,0x0000000084cdefe0,0x0000000089d00000)
 Metaspace       used 8701K, capacity 8940K, committed 9088K, reserved 1056768K
  class space    used 994K, capacity 1087K, committed 1152K, reserved 1048576K
Event: 8.606 GC heap after
Heap after GC invocations=8 (full 0):
 PSYoungGen      total 257536K, used 576K [0x00000000d6e00000, 0x00000000e6f00000, 0x0000000100000000)
  eden space 253440K, 0% used [0x00000000d6e00000,0x00000000d6e00000,0x00000000e6580000)
  from space 4096K, 14% used [0x00000000e6a00000,0x00000000e6a90000,0x00000000e6e00000)
  to   space 4608K, 0% used [0x00000000e6580000,0x00000000e6580000,0x00000000e6a00000)
 ParOldGen       total 84992K, used 2971K [0x0000000084a00000, 0x0000000089d00000, 0x00000000d6e00000)
  object space 84992K, 3% used [0x0000000084a00000,0x0000000084ce6fe0,0x0000000089d00000)
 Metaspace       used 8701K, capacity 8940K, committed 9088K, reserved 1056768K
  class space    used 994K, capacity 1087K, committed 1152K, reserved 1048576K
}
Event: 12.936 GC heap before
{Heap before GC invocations=9 (full 0):
 PSYoungGen      total 257536K, used 254016K [0x00000000d6e00000, 0x00000000e6f00000, 0x0000000100000000)
  eden space 253440K, 100% used [0x00000000d6e00000,0x00000000e6580000,0x00000000e6580000)
  from space 4096K, 14% used [0x00000000e6a00000,0x00000000e6a90000,0x00000000e6e00000)
  to   space 4608K, 0% used [0x00000000e6580000,0x00000000e6580000,0x00000000e6a00000)
 ParOldGen       total 84992K, used 2971K [0x0000000084a00000, 0x0000000089d00000, 0x00000000d6e00000)
  object space 84992K, 3% used [0x0000000084a00000,0x0000000084ce6fe0,0x0000000089d00000)
 Metaspace       used 8707K, capacity 8940K, committed 9088K, reserved 1056768K
  class space    used 994K, capacity 1087K, committed 1152K, reserved 1048576K
Event: 12.965 GC heap after
Heap after GC invocations=9 (full 0):
 PSYoungGen      total 258048K, used 512K [0x00000000d6e00000, 0x00000000f0300000, 0x0000000100000000)
  eden space 253440K, 0% used [0x00000000d6e00000,0x00000000d6e00000,0x00000000e6580000)
  from space 4608K, 11% used [0x00000000e6580000,0x00000000e6600000,0x00000000e6a00000)
  to   space 4608K, 0% used [0x00000000efe80000,0x00000000efe80000,0x00000000f0300000)
 ParOldGen       total 84992K, used 3123K [0x0000000084a00000, 0x0000000089d00000, 0x00000000d6e00000)
  object space 84992K, 3% used [0x0000000084a00000,0x0000000084d0cfe0,0x0000000089d00000)
 Metaspace       used 8707K, capacity 8940K, committed 9088K, reserved 1056768K
  class space    used 994K, capacity 1087K, committed 1152K, reserved 1048576K
}
Event: 15.230 GC heap before
{Heap before GC invocations=10 (full 0):
 PSYoungGen      total 258048K, used 253952K [0x00000000d6e00000, 0x00000000f0300000, 0x0000000100000000)
  eden space 253440K, 100% used [0x00000000d6e00000,0x00000000e6580000,0x00000000e6580000)
  from space 4608K, 11% used [0x00000000e6580000,0x00000000e6600000,0x00000000e6a00000)
  to   space 4608K, 0% used [0x00000000efe80000,0x00000000efe80000,0x00000000f0300000)
 ParOldGen       total 84992K, used 3123K [0x0000000084a00000, 0x0000000089d00000, 0x00000000d6e00000)
  object space 84992K, 3% used [0x0000000084a00000,0x0000000084d0cfe0,0x0000000089d00000)
 Metaspace       used 8728K, capacity 8940K, committed 9088K, reserved 1056768K
  class space    used 994K, capacity 1087K, committed 1152K, reserved 1048576K
Event: 15.236 GC heap after
Heap after GC invocations=10 (full 0):
 PSYoungGen      total 410112K, used 416K [0x00000000d6e00000, 0x00000000f0300000, 0x0000000100000000)
  eden space 405504K, 0% used [0x00000000d6e00000,0x00000000d6e00000,0x00000000efa00000)
  from space 4608K, 9% used [0x00000000efe80000,0x00000000efee8000,0x00000000f0300000)
  to   space 4608K, 0% used [0x00000000efa00000,0x00000000efa00000,0x00000000efe80000)
 ParOldGen       total 84992K, used 3323K [0x0000000084a00000, 0x0000000089d00000, 0x00000000d6e00000)
  object space 84992K, 3% used [0x0000000084a00000,0x0000000084d3efe0,0x0000000089d00000)
 Metaspace       used 8728K, capacity 8940K, committed 9088K, reserved 1056768K
  class space    used 994K, capacity 1087K, committed 1152K, reserved 1048576K
}
Event: 16.238 GC heap before
{Heap before GC invocations=11 (full 0):
 PSYoungGen      total 410112K, used 405920K [0x00000000d6e00000, 0x00000000f0300000, 0x0000000100000000)
  eden space 405504K, 100% used [0x00000000d6e00000,0x00000000efa00000,0x00000000efa00000)
  from space 4608K, 9% used [0x00000000efe80000,0x00000000efee8000,0x00000000f0300000)
  to   space 4608K, 0% used [0x00000000efa00000,0x00000000efa00000,0x00000000efe80000)
 ParOldGen       total 84992K, used 3323K [0x0000000084a00000, 0x0000000089d00000, 0x00000000d6e00000)
  object space 84992K, 3% used [0x0000000084a00000,0x0000000084d3efe0,0x0000000089d00000)
 Metaspace       used 8739K, capacity 9004K, committed 9088K, reserved 1056768K
  class space    used 994K, capacity 1087K, committed 1152K, reserved 1048576K

